1621852749095	geckodriver	INFO	Listening on 127.0.0.1:56515
1621852752126	mozrunner::runner	INFO	Running command: "C:\\Program Files\\Mozilla Firefox\\firefox.exe" "--marionette" "-foreground" "-no-remote" "-profile" "C:\\Users\\Avral\\AppData\\Local\\Temp\\rust_mozprofileDiWdl3"
1621852752526	Marionette	INFO	Marionette enabled
console.warn: SearchSettings: "get: No settings file exists, new profile?" (new Error("", "(unknown module)"))
1621852754364	Marionette	INFO	Listening on port 56526
1621852754789	Marionette	WARN	TLS certificate errors will be ignored for this session
JavaScript error: resource:///actors/ClickHandlerChild.jsm, line 40: TypeError: composedTarget is null
[Parent 21900, IPC I/O Parent] WARNING: file /builds/worker/checkouts/gecko/ipc/chromium/src/base/process_util_win.cc:167

###!!! [Child][MessageChannel] Error: (msgtype=0x3A0155,name=PContent::Msg_InsertNewFocusActionId) Closed channel: cannot send/recv


###!!! [Child][MessageChannel] Error: (msgtype=0x3A0155,name=PContent::Msg_InsertNewFocusActionId) Closed channel: cannot send/recv

rofile?" (new Error("", "(unknown module)"))
1621852825582	Marionette	INFO	Listening on port 56692
1621852826087	Marionette	WARN	TLS certificate errors will be ignored for this session

###!!! [Child][MessageChannel] Error: (msgtype=0x3A0155,name=PContent::Msg_InsertNewFocusActionId) Closed channel: cannot send/recv

illa Firefox\\firefox.exe" "--marionette" "-foreground" "-no-remote" "-profile" "C:\\Users\\Avral\\AppData\\Local\\Temp\\rust_mozprofileIsMiGR"
1621852843973	Marionette	INFO	Marionette enabled
console.warn: SearchSettings: "get: No settings file exists, new profile?" (new Error("", "(unknown module)"))
console.error: Region.jsm: "Error fetching region" (new TypeError("NetworkError when attempting to fetch resource.", ""))
console.error: Region.jsm: "Failed to fetch region" (new Error("NO_RESULT", "resource://gre/modules/Region.jsm", 419))
1621852846269	Marionette	INFO	Listening on port 56798
1621852846678	Marionette	WARN	TLS certificate errors will be ignored for this session

###!!! [Child][MessageChannel] Error: (msgtype=0x3A0155,name=PContent::Msg_InsertNewFocusActionId) Closed channel: cannot send/recv

illa Firefox\\firefox.exe" "--marionette" "-foreground" "-no-remote" "-profile" "C:\\Users\\Avral\\AppData\\Local\\Temp\\rust_mozprofileaaTS86"
1621869541045	Marionette	INFO	Marionette enabled
console.warn: SearchSettings: "get: No settings file exists, new profile?" (new Error("", "(unknown module)"))
1621869542865	Marionette	INFO	Listening on port 59605
1621869543336	Marionette	WARN	TLS certificate errors will be ignored for this session
JavaScript error: resource://gre/actors/AutoCompleteChild.jsm, line 125: Error: Invalid autocomplete selectedIndex
JavaScript error: resource://gre/actors/AutoCompleteChild.jsm, line 125: Error: Invalid autocomplete selectedIndex
JavaScript error: resource://gre/modules/LoginManagerChild.jsm, line 194: NS_ERROR_XPC_JAVASCRIPT_ERROR_WITH_DETAILS: [JavaScript Error: "Invalid autocomplete selectedIndex" {file: "resource://gre/actors/AutoCompleteChild.jsm" line: 125}]'[JavaScript Error: "Invalid autocomplete selectedIndex" {file: "resource://gre/actors/AutoCompleteChild.jsm" line: 125}]' when calling method: [nsIAutoCompletePopup::selectedIndex]
[Parent 4160, IPC I/O Parent] WARNING: file /builds/worker/checkouts/gecko/ipc/chromium/src/base/process_util_win.cc:167

###!!! [Child][MessageChannel] Error: (msgtype=0x3A0155,name=PContent::Msg_InsertNewFocusActionId) Closed channel: cannot send/recv


###!!! [Child][MessageChannel] Error: (msgtype=0x3A0155,name=PContent::Msg_InsertNewFocusActionId) Closed channel: cannot send/recv


###!!! [Child][MessageChannel] Error: (msgtype=0x6B0027,name=PNecko::Msg_RemoveRequestContext) Closed channel: cannot send/recv


###!!! [Child][MessageChannel] Error: (msgtype=0x6B0027,name=PNecko::Msg_RemoveRequestContext) Closed channel: cannot send/recv


###!!! [Child][MessageChannel] Error: (msgtype=0x6B0027,name=PNecko::Msg_RemoveRequestContext) Closed channel: cannot send/recv


###!!! [Child][MessageChannel] Error: (msgtype=0x6B0027,name=PNecko::Msg_RemoveRequestContext) Closed channel: cannot send/recv


###!!! [Child][MessageChannel] Error: (msgtype=0x6B0027,name=PNecko::Msg_RemoveRequestContext) Closed channel: cannot send/recv


###!!! [Child][MessageChannel] Error: (msgtype=0x6B0027,name=PNecko::Msg_RemoveRequestContext) Closed channel: cannot send/recv


###!!! [Child][MessageChannel] Error: (msgtype=0x6B0027,name=PNecko::Msg_RemoveRequestContext) Closed channel: cannot send/recv


###!!! [Child][MessageChannel] Error: (msgtype=0x6B0027,name=PNecko::Msg_RemoveRequestContext) Closed channel: cannot send/recv


###!!! [Child][MessageChannel] Error: (msgtype=0x3A00CE,name=PContent::Msg_SetGeolocationHigherAccuracy) Closed channel: cannot send/recv

1621957798647	geckodriver	INFO	Listening on 127.0.0.1:53804
1621957801656	mozrunner::runner	INFO	Running command: "C:\\Program Files\\Mozilla Firefox\\firefox.exe" "--marionette" "-foreground" "-no-remote" "-profile" "C:\\Users\\Avral\\AppData\\Local\\Temp\\rust_mozprofileHJGtJJ"
1621957802529	Marionette	INFO	Marionette enabled
console.warn: SearchSettings: "get: No settings file exists, new profile?" (new Error("", "(unknown module)"))
1621957805465	Marionette	INFO	Listening on port 53814
1621957805841	Marionette	WARN	TLS certificate errors will be ignored for this session
1621958875689	geckodriver	INFO	Listening on 127.0.0.1:54609
1621958878732	mozrunner::runner	INFO	Running command: "C:\\Program Files\\Mozilla Firefox\\firefox.exe" "--marionette" "-foreground" "-no-remote" "-profile" "C:\\Users\\Avral\\AppData\\Local\\Temp\\rust_mozprofile006w2W"
1621958879024	Marionette	INFO	Marionette enabled
console.warn: SearchSettings: "get: No settings file exists, new profile?" (new Error("", "(unknown module)"))
1621958880758	Marionette	INFO	Listening on port 54619
1621958880777	Marionette	WARN	TLS certificate errors will be ignored for this session

###!!! [Child][MessageChannel] Error: (msgtype=0x3A0155,name=PContent::Msg_InsertNewFocusActionId) Closed channel: cannot send/recv


###!!! [Child][MessageChannel] Error: (msgtype=0x3A00CE,name=PContent::Msg_SetGeolocationHigherAccuracy) Closed channel: cannot send/recv

1622016742504	geckodriver	INFO	Listening on 127.0.0.1:53654
1622016745531	mozrunner::runner	INFO	Running command: "C:\\Program Files\\Mozilla Firefox\\firefox.exe" "--marionette" "-foreground" "-no-remote" "-profile" "C:\\Users\\Avral\\AppData\\Local\\Temp\\rust_mozprofilejNlRMD"
1622016746811	Marionette	INFO	Marionette enabled
console.warn: SearchSettings: "get: No settings file exists, new profile?" (new Error("", "(unknown module)"))
1622016749767	Marionette	INFO	Listening on port 53662
1622016749813	Marionette	WARN	TLS certificate errors will be ignored for this session
JavaScript error: , line 0: TypeError: NetworkError when attempting to fetch resource.
1622024620740	Marionette	INFO	Stopped listening on port 53662

###!!! [Child][RunMessage] Error: Channel closing: too late to send/recv, messages will be lost

Temp\\rust_mozprofilef4g1k4"
1622016831022	Marionette	INFO	Marionette enabled
console.warn: SearchSettings: "get: No settings file exists, new profile?" (new Error("", "(unknown module)"))
1622016832873	Marionette	INFO	Listening on port 53817
1622016832945	Marionette	WARN	TLS certificate errors will be ignored for this session
console.error: "Error writing request: getGrids"
JavaScript error: resource://gre/actors/AutoCompleteChild.jsm, line 125: Error: Invalid autocomplete selectedIndex
JavaScript error: resource://gre/actors/AutoCompleteChild.jsm, line 125: Error: Invalid autocomplete selectedIndex
JavaScript error: resource://gre/modules/LoginManagerChild.jsm, line 194: NS_ERROR_XPC_JAVASCRIPT_ERROR_WITH_DETAILS: [JavaScript Error: "Invalid autocomplete selectedIndex" {file: "resource://gre/actors/AutoCompleteChild.jsm" line: 125}]'[JavaScript Error: "Invalid autocomplete selectedIndex" {file: "resource://gre/actors/AutoCompleteChild.jsm" line: 125}]' when calling method: [nsIAutoCompletePopup::selectedIndex]
[Parent 10336, IPC I/O Parent] WARNING: file /builds/worker/checkouts/gecko/ipc/chromium/src/base/process_util_win.cc:167
1622024604085	Marionette	INFO	Stopped listening on port 53817

###!!! [Child][RunMessage] Error: Channel closing: too late to send/recv, messages will be lost

 {file: "resource://gre/actors/AutoCompleteChild.jsm" line: 125}]'[JavaScript Error: "Invalid autocomplete selectedIndex" {file: "resource://gre/actors/AutoCompleteChild.jsm" line:1622024598495	Marionette	INFO	Stopped listening on port 54137

###!!! [Child][RunMessage] Error: Channel closing: too late to send/recv, messages will be lost

8f2b.js, line 1: ChunkLoadError: Loading chunk 119 failed.
(error: https://static-assets-web.flixcart.com/www/linchpin/fk-cp-zion/js/Product.chunk.d9dfb728.js)
1622024602174	Marionette	INFO	Stopped listening on port 54024
s, new profile?" (new Error("", "(unknown module)"))
1622017080168	Marionette	INFO	Listening on port 54252
1622017080215	Marionette	WARN	TLS certificate errors will be ignored for this session
1622024604090	Marionette	INFO	Stopped listening on port 54252
2024481273	mozrunner::runner	INFO	Running command: "C:\\Program Files\\Mozilla Firefox\\firefox.exe" "--marionette" "-foreground" "-no-remote" "-profile" "C:\\Users\\Avral\\AppData\\Local\\Temp\\rust_mozprofileEtg4u3"
1622024481513	Marionette	INFO	Marionette enabled
console.warn: SearchSettings: "get: No settings file exists, new profile?" (new Error("", "(unknown module)"))
1622024483536	Marionette	INFO	Listening on port 56935
1622024483927	Marionette	WARN	TLS certificate errors will be ignored for this session

###!!! [Child][MessageChannel] Error: (msgtype=0x5B0005,name=PHttpChannel::Msg_Redirect2Verify) Channel closing: too late to send/recv, messages will be lost

1622024604953	Marionette	INFO	Stopped listening on port 56935

###!!! [Child][RunMessage] Error: Channel closing: too late to send/recv, messages will be lost

1622024847270	geckodriver	INFO	Listening on 127.0.0.1:51873
1622024850294	mozrunner::runner	INFO	Running command: "C:\\Program Files\\Mozilla Firefox\\firefox.exe" "--marionette" "-foreground" "-no-remote" "-profile" "C:\\Users\\Avral\\AppData\\Local\\Temp\\rust_mozprofilejFvuW7"
1622024850526	Marionette	INFO	Marionette enabled
console.warn: SearchSettings: "get: No settings file exists, new profile?" (new Error("", "(unknown module)"))
1622024852493	Marionette	INFO	Listening on port 51882
1622024852952	Marionette	WARN	TLS certificate errors will be ignored for this session
console.warn: LoginRecipes: "getRecipes: falling back to a synchronous message for:" "https://www.flipkart.com"
console.warn: LoginRecipes: "getRecipes: falling back to a synchronous message for:" "https://www.flipkart.com"
1622028319796	Marionette	INFO	Stopped listening on port 51882

###!!! [Child][RunMessage] Error: Channel closing: too late to send/recv, messages will be lost

"--marionette" "-foreground" "-no-remote" "-profile" "C:\\Users\\Avral\\AppData\\Local\\Temp\\rust_mozprofileb1SURI"
1622027764951	Marionette	INFO	Marionette enabled
console.warn: SearchSettings: "get: No settings file exists, new profile?" (new Error("", "(unknown module)"))
1622027766861	Marionette	INFO	Listening on port 53325
1622027767371	Marionette	WARN	TLS certificate errors will be ignored for this session
1622028321506	Marionette	INFO	Stopped listening on port 53325

###!!! [Child][RunMessage] Error: Channel closing: too late to send/recv, messages will be lost

"--marionette" "-foreground" "-no-remote" "-profile" "C:\\Users\\Avral\\AppData\\Local\\Temp\\rust_mozprofile1zzNjm"
1622027813073	Marionette	INFO	Marionette enabled
console.warn: SearchSettings: "get: No settings file exists, new profile?" (new Error("", "(unknown module)"))
1622027815334	Marionette	INFO	Listening on port 53487
1622027815469	Marionette	WARN	TLS certificate errors will be ignored for this session
1622028324151	Marionette	INFO	Stopped listening on port 53487

###!!! [Child][RunMessage] Error: Channel closing: too late to send/recv, messages will be lost

"--marionette" "-foreground" "-no-remote" "-profile" "C:\\Users\\Avral\\AppData\\Local\\Temp\\rust_mozprofilexyRwOB"
1622027854721	Marionette	INFO	Marionette enabled
console.warn: SearchSettings: "get: No settings file exists, new profile?" (new Error("", "(unknown module)"))
1622027856830	Marionette	INFO	Listening on port 53611
1622027857125	Marionette	WARN	TLS certificate errors will be ignored for this session
[Parent 19100, IPC I/O Parent] WARNING: file /builds/worker/checkouts/gecko/ipc/chromium/src/base/process_util_win.cc:167
1622028324185	Marionette	INFO	Stopped listening on port 53611

###!!! [Child][RunMessage] Error: Channel closing: too late to send/recv, messages will be lost

7900320	Marionette	INFO	Marionette enabled
console.warn: SearchSettings: "get: No settings file exists, new profile?" (new Error("", "(unknown module)"))
1622027902491	Marionette	INFO	Listening on port 53766
1622027902792	Marionette	WARN	TLS certificate errors will be ignored for this session
1622028324166	Marionette	INFO	Stopped listening on port 53766
2027981327	mozrunner::runner	INFO	Running command: "C:\\Program Files\\Mozilla Firefox\\firefox.exe" "--marionette" "-foreground" "-no-remote" "-profile" "C:\\Users\\Avral\\AppData\\Local\\Temp\\rust_mozprofiletSb2Bh"
1622027981571	Marionette	INFO	Marionette enabled
console.warn: SearchSettings: "get: No settings file exists, new profile?" (new Error("", "(unknown module)"))
1622027983648	Marionette	INFO	Listening on port 53929
1622027983984	Marionette	WARN	TLS certificate errors will be ignored for this session
1622028324166	Marionette	INFO	Stopped listening on port 53929
2028160156	mozrunner::runner	INFO	Running command: "C:\\Program Files\\Mozilla Firefox\\firefox.exe" "--marionette" "-foreground" "-no-remote" "-profile" "C:\\Users\\Avral\\AppData\\Local\\Temp\\rust_mozprofileUB1zsS"
1622028160413	Marionette	INFO	Marionette enabled
console.warn: SearchSettings: "get: No settings file exists, new profile?" (new Error("", "(unknown module)"))
1622028162536	Marionette	INFO	Listening on port 54112
1622028162806	Marionette	WARN	TLS certificate errors will be ignored for this session
1622028324149	Marionette	INFO	Stopped listening on port 54112

###!!! [Child][RunMessage] Error: Channel closing: too late to send/recv, messages will be lost

1622042835391	geckodriver	INFO	Listening on 127.0.0.1:61460
1622042838450	mozrunner::runner	INFO	Running command: "C:\\Program Files\\Mozilla Firefox\\firefox.exe" "--marionette" "-foreground" "-no-remote" "-profile" "C:\\Users\\Avral\\AppData\\Local\\Temp\\rust_mozprofilep59M3U"
1622042839796	Marionette	INFO	Marionette enabled
console.warn: SearchSettings: "get: No settings file exists, new profile?" (new Error("", "(unknown module)"))
1622042842773	Marionette	INFO	Listening on port 61468
1622042843249	Marionette	WARN	TLS certificate errors will be ignored for this session
Handler function _httpResponseExaminer threw an exception: TypeError: topFrame.browsingContext is null
Stack: matchRequest@resource://devtools/server/actors/network-monitor/network-observer.js:130:9
_httpResponseExaminer@resource://devtools/server/actors/network-monitor/network-observer.js:456:10
exports.makeInfallible/<@resource://devtools/shared/ThreadSafeDevToolsUtils.js:103:22
Line: 130, column: 9
console.error: (new TypeError("topFrame.browsingContext is null", "resource://devtools/server/actors/network-monitor/network-observer.js", 130))
1622054604065	Marionette	INFO	Stopped listening on port 61468
2043873661	mozrunner::runner	INFO	Running command: "C:\\Program Files\\Mozilla Firefox\\firefox.exe" "--marionette" "-foreground" "-no-remote" "-profile" "C:\\Users\\Avral\\AppData\\Local\\Temp\\rust_mozprofilea8gw1z"
1622043874240	Marionette	INFO	Marionette enabled
console.warn: SearchSettings: "get: No settings file exists, new profile?" (new Error("", "(unknown module)"))
1622043881373	Marionette	INFO	Listening on port 61896
1622043881607	Marionette	WARN	TLS certificate errors will be ignored for this session
1622044432667	Marionette	INFO	Stopped listening on port 61896

###!!! [Child][RunMessage] Error: Channel closing: too late to send/recv, messages will be lost

"--marionette" "-foreground" "-no-remote" "-profile" "C:\\Users\\Avral\\AppData\\Local\\Temp\\rust_mozprofile3E0OIv"
1622043936670	Marionette	INFO	Marionette enabled
console.warn: SearchSettings: "get: No settings file exists, new profile?" (new Error("", "(unknown module)"))
1622043938754	Marionette	INFO	Listening on port 62026
1622043939060	Marionette	WARN	TLS certificate errors will be ignored for this session
1622044431847	Marionette	INFO	Stopped listening on port 62026

###!!! [Child][RunMessage] Error: Channel closing: too late to send/recv, messages will be lost

"--marionette" "-foreground" "-no-remote" "-profile" "C:\\Users\\Avral\\AppData\\Local\\Temp\\rust_mozprofile7mk2PT"
1622043973734	Marionette	INFO	Marionette enabled
console.warn: SearchSettings: "get: No settings file exists, new profile?" (new Error("", "(unknown module)"))
1622043975649	Marionette	INFO	Listening on port 62409
1622043976106	Marionette	WARN	TLS certificate errors will be ignored for this session
1622044430187	Marionette	INFO	Stopped listening on port 62409
2044085634	mozrunner::runner	INFO	Running command: "C:\\Program Files\\Mozilla Firefox\\firefox.exe" "--marionette" "-foreground" "-no-remote" "-profile" "C:\\Users\\Avral\\AppData\\Local\\Temp\\rust_mozprofileiQpAGW"
1622044085901	Marionette	INFO	Marionette enabled
console.warn: SearchSettings: "get: No settings file exists, new profile?" (new Error("", "(unknown module)"))
1622044088004	Marionette	INFO	Listening on port 62824
1622044088287	Marionette	WARN	TLS certificate errors will be ignored for this session
1622044427020	Marionette	INFO	Stopped listening on port 62824

###!!! [Child][RunMessage] Error: Channel closing: too late to send/recv, messages will be lost

"--marionette" "-foreground" "-no-remote" "-profile" "C:\\Users\\Avral\\AppData\\Local\\Temp\\rust_mozprofileLN0Qcz"
1622044124668	Marionette	INFO	Marionette enabled
console.warn: SearchSettings: "get: No settings file exists, new profile?" (new Error("", "(unknown module)"))
1622044126585	Marionette	INFO	Listening on port 63115
1622044126963	Marionette	WARN	TLS certificate errors will be ignored for this session
1622044429132	Marionette	INFO	Stopped listening on port 63115
2044162422	mozrunner::runner	INFO	Running command: "C:\\Program Files\\Mozilla Firefox\\firefox.exe" "--marionette" "-foreground" "-no-remote" "-profile" "C:\\Users\\Avral\\AppData\\Local\\Temp\\rust_mozprofileS32OVa"
1622044162695	Marionette	INFO	Marionette enabled
console.warn: SearchSettings: "get: No settings file exists, new profile?" (new Error("", "(unknown module)"))
1622044164782	Marionette	INFO	Listening on port 63271
1622044165291	Marionette	WARN	TLS certificate errors will be ignored for this session
1622044430997	Marionette	INFO	Stopped listening on port 63271

###!!! [Child][RunMessage] Error: Channel closing: too late to send/recv, messages will be lost

"--marionette" "-foreground" "-no-remote" "-profile" "C:\\Users\\Avral\\AppData\\Local\\Temp\\rust_mozprofileTn1wHR"
1622044217312	Marionette	INFO	Marionette enabled
console.warn: SearchSettings: "get: No settings file exists, new profile?" (new Error("", "(unknown module)"))
1622044219322	Marionette	INFO	Listening on port 63560
1622044219684	Marionette	WARN	TLS certificate errors will be ignored for this session
1622044433466	Marionette	INFO	Stopped listening on port 63560

###!!! [Child][RunMessage] Error: Channel closing: too late to send/recv, messages will be lost

"--marionette" "-foreground" "-no-remote" "-profile" "C:\\Users\\Avral\\AppData\\Local\\Temp\\rust_mozprofilewJP050"
1622044247670	Marionette	INFO	Marionette enabled
console.warn: SearchSettings: "get: No settings file exists, new profile?" (new Error("", "(unknown module)"))
1622044249939	Marionette	INFO	Listening on port 63905
1622044250036	Marionette	WARN	TLS certificate errors will be ignored for this session
1622054607195	Marionette	INFO	Stopped listening on port 63905
2054250465	mozrunner::runner	INFO	Running command: "C:\\Program Files\\Mozilla Firefox\\firefox.exe" "--marionette" "-foreground" "-no-remote" "-profile" "C:\\Users\\Avral\\AppData\\Local\\Temp\\rust_mozprofile7XurcJ"
1622054250734	Marionette	INFO	Marionette enabled
console.warn: SearchSettings: "get: No settings file exists, new profile?" (new Error("", "(unknown module)"))
1622054252659	Marionette	INFO	Listening on port 50132
1622054253124	Marionette	WARN	TLS certificate errors will be ignored for this session
1622054599081	Marionette	INFO	Stopped listening on port 50132
2054279072	mozrunner::runner	INFO	Running command: "C:\\Program Files\\Mozilla Firefox\\firefox.exe" "--marionette" "-foreground" "-no-remote" "-profile" "C:\\Users\\Avral\\AppData\\Local\\Temp\\rust_mozprofile5HAkJP"
1622054279348	Marionette	INFO	Marionette enabled
console.warn: SearchSettings: "get: No settings file exists, new profile?" (new Error("", "(unknown module)"))
1622054281361	Marionette	INFO	Listening on port 50256
1622054281732	Marionette	WARN	TLS certificate errors will be ignored for this session
1622054607208	Marionette	INFO	Stopped listening on port 50256
2054337441	mozrunner::runner	INFO	Running command: "C:\\Program Files\\Mozilla Firefox\\firefox.exe" "--marionette" "-foreground" "-no-remote" "-profile" "C:\\Users\\Avral\\AppData\\Local\\Temp\\rust_mozprofileH9o2f8"
1622054337727	Marionette	INFO	Marionette enabled
console.warn: SearchSettings: "get: No settings file exists, new profile?" (new Error("", "(unknown module)"))
1622054339896	Marionette	INFO	Listening on port 50598
1622054340107	Marionette	WARN	TLS certificate errors will be ignored for this session
[Parent 23740, IPC I/O Parent] WARNING: file /builds/worker/checkouts/gecko/ipc/chromium/src/base/process_util_win.cc:167
1622054607206	Marionette	INFO	Stopped listening on port 50598
round" "-no-remote" "-profile" "C:\\Users\\Avral\\AppData\\Local\\Temp\\rust_mozprofilesoVLFa"
1622054384292	Marionette	INFO	Marionette enabled
console.warn: SearchSettings: "get: No settings file exists, new profile?" (new Error("", "(unknown module)"))
1622054386350	Marionette	INFO	Listening on port 50741
1622054386648	Marionette	WARN	TLS certificate errors will be ignored for this session
1622054607227	Marionette	INFO	Stopped listening on port 50741
2054466552	mozrunner::runner	INFO	Running command: "C:\\Program Files\\Mozilla Firefox\\firefox.exe" "--marionette" "-foreground" "-no-remote" "-profile" "C:\\Users\\Avral\\AppData\\Local\\Temp\\rust_mozprofileeOTDOr"
1622054466829	Marionette	INFO	Marionette enabled
console.warn: SearchSettings: "get: No settings file exists, new profile?" (new Error("", "(unknown module)"))
1622054468983	Marionette	INFO	Listening on port 50982
1622054469198	Marionette	WARN	TLS certificate errors will be ignored for this session
[Parent 25712, IPC I/O Parent] WARNING: file /builds/worker/checkouts/gecko/ipc/chromium/src/base/process_util_win.cc:167
1622054607246	Marionette	INFO	Stopped listening on port 50982

###!!! [Child][RunMessage] Error: Channel closing: too late to send/recv, messages will be lost

4519201	Marionette	INFO	Marionette enabled
console.warn: SearchSettings: "get: No settings file exists, new profile?" (new Error("", "(unknown module)"))
1622054521372	Marionette	INFO	Listening on port 51138
1622054521570	Marionette	WARN	TLS certificate errors will be ignored for this session
1622054607192	Marionette	INFO	Stopped listening on port 51138

###!!! [Child][RunMessage] Error: Channel closing: too late to send/recv, messages will be lost

"--marionette" "-foreground" "-no-remote" "-profile" "C:\\Users\\Avral\\AppData\\Local\\Temp\\rust_mozprofilegAbZKA"
1622054573960	Marionette	INFO	Marionette enabled
console.warn: SearchSettings: "get: No settings file exists, new profile?" (new Error("", "(unknown module)"))
1622054576121	Marionette	INFO	Listening on port 51297
1622054576354	Marionette	WARN	TLS certificate errors will be ignored for this session
1622054607303	Marionette	INFO	Stopped listening on port 51297

###!!! [Child][RunMessage] Error: Channel closing: too late to send/recv, messages will be lost

"--marionette" "-foreground" "-no-remote" "-profile" "C:\\Users\\Avral\\AppData\\Local\\Temp\\rust_mozprofile426kdy"
1622054599058	Marionette	INFO	Marionette enabled
console.warn: SearchSettings: "get: No settings file exists, new profile?" (new Error("", "(unknown module)"))
1622054601217	Marionette	INFO	Listening on port 51469
1622054601410	Marionette	WARN	TLS certificate errors will be ignored for this session
[Parent 16040, IPC I/O Parent] WARNING: file /builds/worker/checkouts/gecko/ipc/chromium/src/base/process_util_win.cc:167
1622054607283	Marionette	INFO	Stopped listening on port 51469

###!!! [Child][RunMessage] Error: Channel closing: too late to send/recv, messages will be lost

1622054608664	geckodriver	INFO	Listening on 127.0.0.1:51588
1622054611704	mozrunner::runner	INFO	Running command: "C:\\Program Files\\Mozilla Firefox\\firefox.exe" "--marionette" "-foreground" "-no-remote" "-profile" "C:\\Users\\Avral\\AppData\\Local\\Temp\\rust_mozprofiledjKVkL"
1622054611985	Marionette	INFO	Marionette enabled
console.warn: SearchSettings: "get: No settings file exists, new profile?" (new Error("", "(unknown module)"))
1622054613817	Marionette	INFO	Listening on port 51597
1622054613867	Marionette	WARN	TLS certificate errors will be ignored for this session
1622054953257	Marionette	INFO	Stopped listening on port 51597

###!!! [Child][RunMessage] Error: Channel closing: too late to send/recv, messages will be lost

"--marionette" "-foreground" "-no-remote" "-profile" "C:\\Users\\Avral\\AppData\\Local\\Temp\\rust_mozprofileH5K3xy"
1622054683648	Marionette	INFO	Marionette enabled
console.warn: SearchSettings: "get: No settings file exists, new profile?" (new Error("", "(unknown module)"))
1622054685664	Marionette	INFO	Listening on port 51771
1622054686036	Marionette	WARN	TLS certificate errors will be ignored for this session
console.error: "Error while calling actor 'pagestyle's method 'getLayout'" "style is null"
console.error: (new TypeError("style is null", "resource://devtools/server/actors/page-style.js", 1039))
console.error: "Error while calling actor 'inspector's method 'supportsHighlighters'" "doc.documentElement is null"
console.error: (new TypeError("doc.documentElement is null", "resource://devtools/server/actors/inspector/inspector.js", 309))
console.error: (new Error("Protocol error (TypeError): style is null from: server0.conn0.child4/pagestyle26 (resource://devtools/server/actors/page-style.js:1039:7)", "resource://devtools/shared/protocol/Front.js", 358))
console.error: (new Error("Protocol error (TypeError): doc.documentElement is null from: server0.conn0.child4/inspectorActor3 (resource://devtools/server/actors/inspector/inspector.js:309:16)", "resource://devtools/shared/protocol/Front.js", 358))
console.error: "Error while calling actor 'pagestyle's method 'getApplied'" "CssLogic.getComputedStyle(...) is null"
console.error: (new TypeError("CssLogic.getComputedStyle(...) is null", "resource://devtools/server/actors/page-style.js", 721))
console.error: (new Error("Protocol error (TypeError): CssLogic.getComputedStyle(...) is null from: server0.conn0.child4/pagestyle26 (resource://devtools/server/actors/page-style.js:721:30)", "resource://devtools/shared/protocol/Front.js", 358))
console.error: (new Error("Protocol error (TypeError): CssLogic.getComputedStyle(...) is null from: server0.conn0.child4/pagestyle26 (resource://devtools/server/actors/page-style.js:721:30)", "resource://devtools/shared/protocol/Front.js", 358))
console.error: (new Error("Protocol error (TypeError): CssLogic.getComputedStyle(...) is null from: server0.conn0.child4/pagestyle26 (resource://devtools/server/actors/page-style.js:721:30)", "resource://devtools/shared/protocol/Front.js", 358))
console.error: "Error writing response to: children"
console.error: "Error while calling actor 'domwalker's method 'children'" "Component returned failure code: 0x80070057 (NS_ERROR_ILLEGAL_VALUE) [nsIEventListenerService.getListenerInfoFor]"
console.error: ({})
console.error: (new Error("Protocol error (NS_ERROR_ILLEGAL_VALUE): Component returned failure code: 0x80070057 (NS_ERROR_ILLEGAL_VALUE) [nsIEventListenerService.getListenerInfoFor] from: server0.conn0.child4/domwalker25 (resource://devtools/server/actors/inspector/event-collector.js:266:0)", "resource://devtools/shared/protocol/Front.js", 358))
console.error: "Error while calling actor 'domnode's method 'getAllSelectors'" "ele.ownerGlobal is null"
console.error: (new TypeError("ele.ownerGlobal is null", "resource://devtools/shared/inspector/css-logic.js", 595))
console.error: (new Error("Protocol error (TypeError): ele.ownerGlobal is null from: server0.conn0.child4/domnode29 (resource://devtools/shared/inspector/css-logic.js:595:21)", "resource://devtools/shared/protocol/Front.js", 358))
console.error: "Error while calling actor 'pagestyle's method 'getLayout'" "can't access dead object"
console.error: (new TypeError("can't access dead object", "resource://devtools/server/actors/page-style.js", 1009))
console.error: (new Error("Protocol error (TypeError): can't access dead object from: server0.conn0.child4/pagestyle26 (resource://devtools/server/actors/page-style.js:1009:24)", "resource://devtools/shared/protocol/Front.js", 358))
1622054970852	Marionette	INFO	Stopped listening on port 51771

###!!! [Child][RunMessage] Error: Channel closing: too late to send/recv, messages will be lost

"--marionette" "-foreground" "-no-remote" "-profile" "C:\\Users\\Avral\\AppData\\Local\\Temp\\rust_mozprofileTfvOsf"
1622054729988	Marionette	INFO	Marionette enabled
console.warn: SearchSettings: "get: No settings file exists, new profile?" (new Error("", "(unknown module)"))
1622054732058	Marionette	INFO	Listening on port 52081
1622054732402	Marionette	WARN	TLS certificate errors will be ignored for this session
1622054748177	Marionette	INFO	Stopped listening on port 52081

###!!! [Child][RunMessage] Error: Channel closing: too late to send/recv, messages will be lost

1622054805418	geckodriver	INFO	Listening on 127.0.0.1:52311
1622054808440	mozrunner::runner	INFO	Running command: "C:\\Program Files\\Mozilla Firefox\\firefox.exe" "--marionette" "-foreground" "-no-remote" "-profile" "C:\\Users\\Avral\\AppData\\Local\\Temp\\rust_mozprofilehf5rhV"
1622054808710	Marionette	INFO	Marionette enabled
console.warn: SearchSettings: "get: No settings file exists, new profile?" (new Error("", "(unknown module)"))
1622054810779	Marionette	INFO	Listening on port 52320
1622054811110	Marionette	WARN	TLS certificate errors will be ignored for this session
1622054970818	Marionette	INFO	Stopped listening on port 52320

###!!! [Child][RunMessage] Error: Channel closing: too late to send/recv, messages will be lost

"--marionette" "-foreground" "-no-remote" "-profile" "C:\\Users\\Avral\\AppData\\Local\\Temp\\rust_mozprofileQHVTtz"
1622054922701	Marionette	INFO	Marionette enabled
console.warn: SearchSettings: "get: No settings file exists, new profile?" (new Error("", "(unknown module)"))
1622054924737	Marionette	INFO	Listening on port 52551
1622054925089	Marionette	WARN	TLS certificate errors will be ignored for this session
1622054970886	Marionette	INFO	Stopped listening on port 52551

###!!! [Child][RunMessage] Error: Channel closing: too late to send/recv, messages will be lost

1622057778545	geckodriver	INFO	Listening on 127.0.0.1:62515
1622057781575	mozrunner::runner	INFO	Running command: "C:\\Program Files\\Mozilla Firefox\\firefox.exe" "--marionette" "-foreground" "-no-remote" "-profile" "C:\\Users\\Avral\\AppData\\Local\\Temp\\rust_mozprofileRq5LKM"
1622057781907	Marionette	INFO	Marionette enabled
console.warn: SearchSettings: "get: No settings file exists, new profile?" (new Error("", "(unknown module)"))
1622057783896	Marionette	INFO	Listening on port 62523
1622057784230	Marionette	WARN	TLS certificate errors will be ignored for this session
1622058724191	Marionette	INFO	Stopped listening on port 62523

###!!! [Child][RunMessage] Error: Channel closing: too late to send/recv, messages will be lost

"--marionette" "-foreground" "-no-remote" "-profile" "C:\\Users\\Avral\\AppData\\Local\\Temp\\rust_mozprofileb38E9a"
1622057886473	Marionette	INFO	Marionette enabled
console.warn: SearchSettings: "get: No settings file exists, new profile?" (new Error("", "(unknown module)"))
1622057888485	Marionette	INFO	Listening on port 62659
1622057888832	Marionette	WARN	TLS certificate errors will be ignored for this session
[Parent 16676, IPC I/O Parent] WARNING: file /builds/worker/checkouts/gecko/ipc/chromium/src/base/process_util_win.cc:167
1622058724242	Marionette	INFO	Stopped listening on port 62659
round" "-no-remote" "-profile" "C:\\Users\\Avral\\AppData\\Local\\Temp\\rust_mozprofileMgk2lo"
1622057968245	Marionette	INFO	Marionette enabled
console.warn: SearchSettings: "get: No settings file exists, new profile?" (new Error("", "(unknown module)"))
1622057970255	Marionette	INFO	Listening on port 62835
1622057970622	Marionette	WARN	TLS certificate errors will be ignored for this session
1622058724191	Marionette	INFO	Stopped listening on port 62835

###!!! [Child][RunMessage] Error: Channel closing: too late to send/recv, messages will be lost

"--marionette" "-foreground" "-no-remote" "-profile" "C:\\Users\\Avral\\AppData\\Local\\Temp\\rust_mozprofileqF9yD0"
1622058069700	Marionette	INFO	Marionette enabled
console.warn: SearchSettings: "get: No settings file exists, new profile?" (new Error("", "(unknown module)"))
1622058071896	Marionette	INFO	Listening on port 62998
1622058072380	Marionette	WARN	TLS certificate errors will be ignored for this session
console.warn: "Async method failed in safeAsyncMethod" (new Error("Connection closed, pending request to server0.conn0.child4/domwalker25, type cancelPick failed\n\nRequest stack:\nrequest@resource://devtools/shared/protocol/Front.js:285:14\ngenerateRequestMethods/</frontProto[name]@resource://devtools/shared/protocol/Front/FrontClassWithSpec.js:46:19\ncancelPick@resource://devtools/client/fronts/walker.js:546:18\nexports.safeAsyncMethod/<@resource://devtools/shared/async-utils.js:57:25\n_onInspectorFrontDestroyed@resource://devtools/client/inspector/node-picker.js:113:18\nstop@1622058724209	Marionette	INFO	Stopped listening on port 63156
stroyToolbox@resource://devtools/client/framework/toolbox.js:3735:24\ndestroy@resource://devtools/client/framework/toolbox.js:3669:10\n_forgetBrowserWindow@resource://devtools/client/framework/devtools-browser.js:689:17\nhandleEvent@resource://devtools/client/framework/devtools-browser.js:710:26\n", "resource://devtools/shared/protocol/Front.js", 99))
1622058724219	Marionette	INFO	Stopped listening on port 62998
g on port 63660
1622058298723	Marionette	WARN	TLS certificate errors will be ignored for this session

###!!! [Child][RunMessage] Error: Channel closing: too late to send/recv, messages will be lost

1622058724209	Marionette	INFO	Stopped listening on port 63660
"--marionette" "-foreground" "-no-remote" "-profile" "C:\\Users\\Avral\\AppData\\Local\\Temp\\rust_mozprofileOnGEGI"
1622058501901	Marionette	INFO	Marionette enabled
console.warn: SearchSettings: "get: No settings file exists, new profile?" (new Error("", "(unknown module)"))
1622058504045	Marionette	INFO	Listening on port 63901
1622058504280	Marionette	WARN	TLS certificate errors will be ignored for this session
1622058724218	Marionette	INFO	Stopped listening on port 63901

###!!! [Child][RunMessage] Error: Channel closing: too late to send/recv, messages will be lost

"--marionette" "-foreground" "-no-remote" "-profile" "C:\\Users\\Avral\\AppData\\Local\\Temp\\rust_mozprofileujJIf7"
1622058544745	Marionette	INFO	Marionette enabled
console.warn: SearchSettings: "get: No settings file exists, new profile?" (new Error("", "(unknown module)"))
1622058546956	Marionette	INFO	Listening on port 64058
1622058547362	Marionette	WARN	TLS certificate errors will be ignored for this session
1622058724239	Marionette	INFO	Stopped listening on port 64058
2058620398	mozrunner::runner	INFO	Running command: "C:\\Program Files\\Mozilla Firefox\\firefox.exe" "--marionette" "-foreground" "-no-remote" "-profile" "C:\\Users\\Avral\\AppData\\Local\\Temp\\rust_mozprofileopKvUh"
1622058620674	Marionette	INFO	Marionette enabled
console.warn: SearchSettings: "get: No settings file exists, new profile?" (new Error("", "(unknown module)"))
1622058622674	Marionette	INFO	Listening on port 64238
1622058623048	Marionette	WARN	TLS certificate errors will be ignored for this session
1622058724239	Marionette	INFO	Stopped listening on port 64238

###!!! [Child][RunMessage] Error: Channel closing: too late to send/recv, messages will be lost

"--marionette" "-foreground" "-no-remote" "-profile" "C:\\Users\\Avral\\AppData\\Local\\Temp\\rust_mozprofiledwv6aj"
1622058716506	Marionette	INFO	Marionette enabled
console.warn: SearchSettings: "get: No settings file exists, new profile?" (new Error("", "(unknown module)"))
1622058718643	Marionette	INFO	Listening on port 64381
1622058718875	Marionette	WARN	TLS certificate errors will be ignored for this session
1622058724286	Marionette	INFO	Stopped listening on port 64381
1622058741377	geckodriver	INFO	Listening on 127.0.0.1:64488
1622058744403	mozrunner::runner	INFO	Running command: "C:\\Program Files\\Mozilla Firefox\\firefox.exe" "--marionette" "-foreground" "-no-remote" "-profile" "C:\\Users\\Avral\\AppData\\Local\\Temp\\rust_mozprofileIFXeTk"
1622058744663	Marionette	INFO	Marionette enabled
console.warn: SearchSettings: "get: No settings file exists, new profile?" (new Error("", "(unknown module)"))
1622058746633	Marionette	INFO	Listening on port 64496
1622058747071	Marionette	WARN	TLS certificate errors will be ignored for this session
console.warn: LoginRecipes: "getRecipes: falling back to a synchronous message for:" "https://www.flipkart.com"
console.warn: LoginRecipes: "getRecipes: falling back to a synchronous message for:" "https://www.flipkart.com"
[Parent 19532, IPC I/O Parent] WARNING: file /builds/worker/checkouts/gecko/ipc/chromium/src/base/process_util_win.cc:167
1622059668121	Marionette	INFO	Stopped listening on port 64496

###!!! [Child][RunMessage] Error: Channel closing: too late to send/recv, messages will be lost

ile?" (new Error("", "(unknown module)"))
1622059083802	Marionette	INFO	Listening on port 64704
1622059084286	Marionette	WARN	TLS certificate errors will be ignored for this session
[Parent 17204, IPC I/O Parent] WARNING: file /builds/worker/checkouts/gecko/ipc/chromium/src/base/process_util_win.cc:167
1622059668055	Marionette	INFO	Stopped listening on port 64704

###!!! [Child][RunMessage] Error: Channel closing: too late to send/recv, messages will be lost

9161914	Marionette	INFO	Marionette enabled
console.warn: SearchSettings: "get: No settings file exists, new profile?" (new Error("", "(unknown module)"))
1622059163825	Marionette	INFO	Listening on port 64866
1622059164309	Marionette	WARN	TLS certificate errors will be ignored for this session
1622059668095	Marionette	INFO	Stopped listening on port 64866

###!!! [Child][RunMessage] Error: Channel closing: too late to send/recv, messages will be lost

"--marionette" "-foreground" "-no-remote" "-profile" "C:\\Users\\Avral\\AppData\\Local\\Temp\\rust_mozprofilevwllK2"
1622059220064	Marionette	INFO	Marionette enabled
console.warn: SearchSettings: "get: No settings file exists, new profile?" (new Error("", "(unknown module)"))
1622059222097	Marionette	INFO	Listening on port 64996
1622059222453	Marionette	WARN	TLS certificate errors will be ignored for this session
1622059668087	Marionette	INFO	Stopped listening on port 64996

###!!! [Child][RunMessage] Error: Channel closing: too late to send/recv, messages will be lost

"--marionette" "-foreground" "-no-remote" "-profile" "C:\\Users\\Avral\\AppData\\Local\\Temp\\rust_mozprofileXoLihX"
1622059255456	Marionette	INFO	Marionette enabled
console.warn: SearchSettings: "get: No settings file exists, new profile?" (new Error("", "(unknown module)"))
1622059257381	Marionette	INFO	Listening on port 65123
1622059257845	Marionette	WARN	TLS certificate errors will be ignored for this session
[Parent 22916, IPC I/O Parent] WARNING: file /builds/worker/checkouts/gecko/ipc/chromium/src/base/process_util_win.cc:167
1622059668113	Marionette	INFO	Stopped listening on port 65123
round" "-no-remote" "-profile" "C:\\Users\\Avral\\AppData\\Local\\Temp\\rust_mozprofilebAELqC"
1622059324671	Marionette	INFO	Marionette enabled
console.warn: SearchSettings: "get: No settings file exists, new profile?" (new Error("", "(unknown module)"))
1622059326781	Marionette	INFO	Listening on port 65266
1622059327056	Marionette	WARN	TLS certificate errors will be ignored for this session
JavaScript warning: https://www.google.com/cse/static/element/323d4b81541ddb5b/cse_element__en.js?usqp=CAI%3D, line 314: Script terminated by timeout at:
h@https://www.google.com/cse/static/element/323d4b81541ddb5b/cse_element__en.js?usqp=CAI%3D:314:282
f.Ld@https://www.google.com/cse/static/element/323d4b81541ddb5b/cse_element__en.js?usqp=CAI%3D:264:304
f.So@https://www.google.com/cse/static/element/323d4b81541ddb5b/cse_element__en.js?usqp=CAI%3D:310:70
f.$r@https://www.google.com/cse/static/element/323d4b81541ddb5b/cse_element__en.js?usqp=CAI%3D:309:6
f.Ca@https://www.google.com/cse/static/element/323d4b81541ddb5b/cse_element__en.js?usqp=CAI%3D:305:137
Wk.prototype.tc@https://www.google.com/cse/static/element/323d4b81541ddb5b/cse_element__en.js?usqp=CAI%3D:246:253
Wk@https://www.google.com/cse/static/element/323d4b81541ddb5b/cse_element__en.js?usqp=CAI%3D:243:410
install@https://www.google.com/cse/static/element/323d4b81541ddb5b/cse_element__en.js?usqp=CAI%3D:251:42
Q@https://www.google.com/cse/static/element/323d4b81541ddb5b/cse_element__en.js?usqp=CAI%3D:348:752
La@https://www.google.com/cse/static/element/323d4b81541ddb5b/cse_element__en.js?usqp=CAI%3D:349:93
Zu@https://www.google.com/cse/static/element/323d4b81541ddb5b/cse_element__en.js?usqp=CAI%3D:352:435
f.yd@https://www.google.com/cse/static/element/323d4b81541ddb5b/cse_element__en.js?usqp=CAI%3D:385:214
Y.prototype.yd@https://www.google.com/cse/static/element/323d4b81541ddb5b/cse_element__en.js?usqp=CAI%3D:476:157
f.rs@https://www.google.com/cse/static/element/323d4b81541ddb5b/cse_element__en.js?usqp=CAI%3D:494:3
f.ba@https://www.google.com/cse/static/element/323d4b81541ddb5b/cse_element__en.js?usqp=CAI%3D:485:376
f.vm@https://www.google.com/cse/static/element/323d4b81541ddb5b/cse_element__en.js?usqp=CAI%3D:500:87
f.cu@https://www.google.com/cse/static/element/323d4b81541ddb5b/cse_element__en.js?usqp=CAI%3D:496:265
f.go/<@https://www.google.com/cse/static/element/323d4b81541ddb5b/cse_element__en.js?usqp=CAI%3D:496:80
Pi.prototype.xe/<@https://www.google.com/cse/static/element/323d4b81541ddb5b/cse_element__en.js?usqp=CAI%3D:179:127
f.go@https://www.google.com/cse/static/element/323d4b81541ddb5b/cse_element__en.js?usqp=CAI%3D:496:88
go@https://www.google.com/cse/static/element/323d4b81541ddb5b/cse_element__en.js?usqp=CAI%3D:502:36
window.__gcse.scb@https://cse.google.com/cse.js?cx=005996710952209167719:cqkoqomazkc:11:284

console.warn: LoginRecipes: "getRecipes: falling back to a synchronous message for:" "https://www.flipkart.com"
console.error: (new TypeError("parent is null", "resource://devtools/client/inspector/shared/style-change-tracker.js", 67))
TypeError: parent is null: canMutationImpactCurrentStyles@resource://devtools/client/inspector/shared/style-change-tracker.js:67:24
onMutations@resource://devtools/client/inspector/shared/style-change-tracker.js:84:41
_emit@resource://devtools/shared/event-emitter.js:226:34
emit@resource://devtools/shared/event-emitter.js:172:18
emit@resource://devtools/shared/event-emitter.js:324:18
getMutations@resource://devtools/client/fronts/walker.js:358:10

[Parent 17360, IPC I/O Parent] WARNING: file /builds/worker/checkouts/gecko/ipc/chromium/src/base/process_util_win.cc:167
1622059668121	Marionette	INFO	Stopped listening on port 65266
round" "-no-remote" "-profile" "C:\\Users\\Avral\\AppData\\Local\\Temp\\rust_mozprofileLsTANy"
1622059511664	Marionette	INFO	Marionette enabled
console.warn: SearchSettings: "get: No settings file exists, new profile?" (new Error("", "(unknown module)"))
1622059513767	Marionette	INFO	Listening on port 49167
1622059514062	Marionette	WARN	TLS certificate errors will be ignored for this session
1622059577474	Marionette	INFO	Stopped listening on port 49167

###!!! [Child][RunMessage] Error: Channel closing: too late to send/recv, messages will be lost

1622059590354	geckodriver	INFO	Listening on 127.0.0.1:49307
1622059593368	mozrunner::runner	INFO	Running command: "C:\\Program Files\\Mozilla Firefox\\firefox.exe" "--marionette" "-foreground" "-no-remote" "-profile" "C:\\Users\\Avral\\AppData\\Local\\Temp\\rust_mozprofileTSAyWM"
1622059593652	Marionette	INFO	Marionette enabled
console.warn: SearchSettings: "get: No settings file exists, new profile?" (new Error("", "(unknown module)"))
1622059595721	Marionette	INFO	Listening on port 49317
1622059596016	Marionette	WARN	TLS certificate errors will be ignored for this session
1622059668074	Marionette	INFO	Stopped listening on port 49317

###!!! [Child][RunMessage] Error: Channel closing: too late to send/recv, messages will be lost

"--marionette" "-foreground" "-no-remote" "-profile" "C:\\Users\\Avral\\AppData\\Local\\Temp\\rust_mozprofileerJgmo"
1622059638249	Marionette	INFO	Marionette enabled
console.warn: SearchSettings: "get: No settings file exists, new profile?" (new Error("", "(unknown module)"))
1622059640234	Marionette	INFO	Listening on port 49455
1622059640657	Marionette	WARN	TLS certificate errors will be ignored for this session
1622059668158	Marionette	INFO	Stopped listening on port 49455
1622059669145	geckodriver	INFO	Listening on 127.0.0.1:49584
1622059672175	mozrunner::runner	INFO	Running command: "C:\\Program Files\\Mozilla Firefox\\firefox.exe" "--marionette" "-foreground" "-no-remote" "-profile" "C:\\Users\\Avral\\AppData\\Local\\Temp\\rust_mozprofile5PNSn0"
1622059672433	Marionette	INFO	Marionette enabled
console.warn: SearchSettings: "get: No settings file exists, new profile?" (new Error("", "(unknown module)"))
1622059675012	Marionette	INFO	Listening on port 49592
1622059675335	Marionette	WARN	TLS certificate errors will be ignored for this session
1622060165640	Marionette	INFO	Stopped listening on port 49592

###!!! [Child][RunMessage] Error: Channel closing: too late to send/recv, messages will be lost

"--marionette" "-foreground" "-no-remote" "-profile" "C:\\Users\\Avral\\AppData\\Local\\Temp\\rust_mozprofileJ1Z1C8"
1622059699354	Marionette	INFO	Marionette enabled
console.warn: SearchSettings: "get: No settings file exists, new profile?" (new Error("", "(unknown module)"))
1622059701340	Marionette	INFO	Listening on port 49723
1622059701767	Marionette	WARN	TLS certificate errors will be ignored for this session
1622060166523	Marionette	INFO	Stopped listening on port 49723

###!!! [Child][RunMessage] Error: Channel closing: too late to send/recv, messages will be lost

"--marionette" "-foreground" "-no-remote" "-profile" "C:\\Users\\Avral\\AppData\\Local\\Temp\\rust_mozprofileL2AgAP"
1622059801291	Marionette	INFO	Marionette enabled
console.warn: SearchSettings: "get: No settings file exists, new profile?" (new Error("", "(unknown module)"))
1622059803297	Marionette	INFO	Listening on port 49900
1622059803687	Marionette	WARN	TLS certificate errors will be ignored for this session
[Parent 15224, IPC I/O Parent] WARNING: file /builds/worker/checkouts/gecko/ipc/chromium/src/base/process_util_win.cc:167
1622060507300	Marionette	INFO	Stopped listening on port 49900

###!!! [Child][RunMessage] Error: Channel closing: too late to send/recv, messages will be lost

9885579	Marionette	INFO	Marionette enabled
console.warn: SearchSettings: "get: No settings file exists, new profile?" (new Error("", "(unknown module)"))
1622059887617	Marionette	INFO	Listening on port 50037
1622059887971	Marionette	WARN	TLS certificate errors will be ignored for this session
1622060507341	Marionette	INFO	Stopped listening on port 50037

###!!! [Child][RunMessage] Error: Channel closing: too late to send/recv, messages will be lost

"--marionette" "-foreground" "-no-remote" "-profile" "C:\\Users\\Avral\\AppData\\Local\\Temp\\rust_mozprofileLrGDPW"
1622059951907	Marionette	INFO	Marionette enabled
console.warn: SearchSettings: "get: No settings file exists, new profile?" (new Error("", "(unknown module)"))
1622059953996	Marionette	INFO	Listening on port 50177
1622059954305	Marionette	WARN	TLS certificate errors will be ignored for this session
[Parent 13704, IPC I/O Parent] WARNING: file /builds/worker/checkouts/gecko/ipc/chromium/src/base/process_util_win.cc:167
1622060507341	Marionette	INFO	Stopped listening on port 50177
round" "-no-remote" "-profile" "C:\\Users\\Avral\\AppData\\Local\\Temp\\rust_mozprofilewQtPmP"
1622060226352	Marionette	INFO	Marionette enabled
console.warn: SearchSettings: "get: No settings file exists, new profile?" (new Error("", "(unknown module)"))
1622060228211	Marionette	INFO	Listening on port 50443
1622060228257	Marionette	WARN	TLS certificate errors will be ignored for this session
1622060507315	Marionette	INFO	Stopped listening on port 50443

###!!! [Child][RunMessage] Error: Channel closing: too late to send/recv, messages will be lost

"--marionette" "-foreground" "-no-remote" "-profile" "C:\\Users\\Avral\\AppData\\Local\\Temp\\rust_mozprofileN9Xe0v"
1622060282867	Marionette	INFO	Marionette enabled
console.warn: SearchSettings: "get: No settings file exists, new profile?" (new Error("", "(unknown module)"))
1622060284912	Marionette	INFO	Listening on port 50573
1622060285257	Marionette	WARN	TLS certificate errors will be ignored for this session
1622060507308	Marionette	INFO	Stopped listening on port 50573

###!!! [Child][RunMessage] Error: Channel closing: too late to send/recv, messages will be lost

"--marionette" "-foreground" "-no-remote" "-profile" "C:\\Users\\Avral\\AppData\\Local\\Temp\\rust_mozprofile1mYwrp"
1622060401188	Marionette	INFO	Marionette enabled
console.warn: SearchSettings: "get: No settings file exists, new profile?" (new Error("", "(unknown module)"))
1622060403273	Marionette	INFO	Listening on port 50750
1622060403594	Marionette	WARN	TLS certificate errors will be ignored for this session
1622060507336	Marionette	INFO	Stopped listening on port 50750

###!!! [Child][RunMessage] Error: Channel closing: too late to send/recv, messages will be lost

1622060508560	geckodriver	INFO	Listening on 127.0.0.1:50979
1622060511593	mozrunner::runner	INFO	Running command: "C:\\Program Files\\Mozilla Firefox\\firefox.exe" "--marionette" "-foreground" "-no-remote" "-profile" "C:\\Users\\Avral\\AppData\\Local\\Temp\\rust_mozprofileewLzFR"
1622060511859	Marionette	INFO	Marionette enabled
console.warn: SearchSettings: "get: No settings file exists, new profile?" (new Error("", "(unknown module)"))
1622060513768	Marionette	INFO	Listening on port 50987
1622060514261	Marionette	WARN	TLS certificate errors will be ignored for this session
1622060617195	Marionette	INFO	Stopped listening on port 50987

###!!! [Child][RunMessage] Error: Channel closing: too late to send/recv, messages will be lost

"--marionette" "-foreground" "-no-remote" "-profile" "C:\\Users\\Avral\\AppData\\Local\\Temp\\rust_mozprofilewvgsVt"
1622060578705	Marionette	INFO	Marionette enabled
console.warn: SearchSettings: "get: No settings file exists, new profile?" (new Error("", "(unknown module)"))
1622060580697	Marionette	INFO	Listening on port 51117
1622060581100	Marionette	WARN	TLS certificate errors will be ignored for this session
1622060617237	Marionette	INFO	Stopped listening on port 51117

###!!! [Child][RunMessage] Error: Channel closing: too late to send/recv, messages will be lost

1622060619380	geckodriver	INFO	Listening on 127.0.0.1:51235
1622060622394	mozrunner::runner	INFO	Running command: "C:\\Program Files\\Mozilla Firefox\\firefox.exe" "--marionette" "-foreground" "-no-remote" "-profile" "C:\\Users\\Avral\\AppData\\Local\\Temp\\rust_mozprofilexP9aGR"
1622060622651	Marionette	INFO	Marionette enabled
console.warn: SearchSettings: "get: No settings file exists, new profile?" (new Error("", "(unknown module)"))
1622060625070	Marionette	INFO	Listening on port 51244
1622060625589	Marionette	WARN	TLS certificate errors will be ignored for this session
1622060639766	Marionette	WARN	TimedPromise timed out after 500 ms: stacktrace:
TimedPromise/<@chrome://marionette/content/sync.js:237:19
TimedPromise@chrome://marionette/content/sync.js:222:10
interaction.flushEventLoop@chrome://marionette/content/interaction.js:431:10
webdriverClickElement@chrome://marionette/content/interaction.js:179:31
1622060641488	Marionette	WARN	TimedPromise timed out after 500 ms: stacktrace:
TimedPromise/<@chrome://marionette/content/sync.js:237:19
TimedPromise@chrome://marionette/content/sync.js:222:10
interaction.flushEventLoop@chrome://marionette/content/interaction.js:431:10
webdriverClickElement@chrome://marionette/content/interaction.js:179:31
1622060659799	Marionette	INFO	Stopped listening on port 51244

###!!! [Child][RunMessage] Error: Channel closing: too late to send/recv, messages will be lost

1622060661524	geckodriver	INFO	Listening on 127.0.0.1:51390
1622060664552	mozrunner::runner	INFO	Running command: "C:\\Program Files\\Mozilla Firefox\\firefox.exe" "--marionette" "-foreground" "-no-remote" "-profile" "C:\\Users\\Avral\\AppData\\Local\\Temp\\rust_mozprofilevcFRyz"
1622060664825	Marionette	INFO	Marionette enabled
console.warn: SearchSettings: "get: No settings file exists, new profile?" (new Error("", "(unknown module)"))
1622060666825	Marionette	INFO	Listening on port 51398
1622060667216	Marionette	WARN	TLS certificate errors will be ignored for this session
1622061381650	Marionette	INFO	Stopped listening on port 51398
2060735296	mozrunner::runner	INFO	Running command: "C:\\Program Files\\Mozilla Firefox\\firefox.exe" "--marionette" "-foreground" "-no-remote" "-profile" "C:\\Users\\Avral\\AppData\\Local\\Temp\\rust_mozprofilezs5jlF"
1622060735560	Marionette	INFO	Marionette enabled
console.warn: SearchSettings: "get: No settings file exists, new profile?" (new Error("", "(unknown module)"))
1622060737565	Marionette	INFO	Listening on port 51538
1622060737954	Marionette	WARN	TLS certificate errors will be ignored for this session
console.warn: "Async method failed in safeAsyncMethod" (new Error("Connection closed, pending request to server0.conn0.child4/domwalker25, type cancelPick failed\n\nRequest stack:\nrequest@resource://devtools/shared/protocol/Front.js:285:14\ngenerateRequestMethods/</frontProto[name]@resource://devtools/shared/protocol/Front/FrontClassWithSpec.js:46:19\ncancelPick@resource://devtools/client/fronts/walker.js:546:18\nexports.safeAsyncMethod/<@resource://devtools/shared/async-utils.js:57:25\n_onInspectorFrontDestroyed@resource://devtools/client/inspector/node-picker.js:113:18\nstop@1622061381652	Marionette	INFO	Stopped listening on port 51673

###!!! [Child][RunMessage] Error: Channel closing: too late to send/recv, messages will be lost

ent/framework/toolbox.js:3669:10\n_forgetBrowserWindow@resource://devtools/client/framework/devtools-browser.js:689:17\nhandleEvent@resource://devtools/client/framework/devtools-browser.js:710:26\n", "resource://devtools/shared/protocol/Front.js", 99))
[Parent 29192, IPC I/O Parent] WARNING: file /builds/worker/checkouts/gecko/ipc/chromium/src/base/process_util_win.cc:167
1622061381673	Marionette	INFO	Stopped listening on port 51538

###!!! [Child][RunMessage] Error: Channel closing: too late to send/recv, messages will be lost

late to send/recv, messages will be lost

"--marionette" "-foreground" "-no-remote" "-profile" "C:\\Users\\Avral\\AppData\\Local\\Temp\\rust_mozprofilehkyh8s"
1622061324156	Marionette	INFO	Marionette enabled
console.warn: SearchSettings: "get: No settings file exists, new profile?" (new Error("", "(unknown module)"))
1622061326103	Marionette	INFO	Listening on port 52169
1622061326568	Marionette	WARN	TLS certificate errors will be ignored for this session
1622061338993	Marionette	INFO	Stopped listening on port 52169

###!!! [Child][RunMessage] Error: Channel closing: too late to send/recv, messages will be lost

1622061355341	geckodriver	INFO	Listening on 127.0.0.1:52346
1622061358360	mozrunner::runner	INFO	Running command: "C:\\Program Files\\Mozilla Firefox\\firefox.exe" "--marionette" "-foreground" "-no-remote" "-profile" "C:\\Users\\Avral\\AppData\\Local\\Temp\\rust_mozprofileSPqpqr"
1622061358625	Marionette	INFO	Marionette enabled
console.warn: SearchSettings: "get: No settings file exists, new profile?" (new Error("", "(unknown module)"))
1622061360536	Marionette	INFO	Listening on port 52355
1622061361019	Marionette	WARN	TLS certificate errors will be ignored for this session
[Parent 4548, IPC I/O Parent] WARNING: file /builds/worker/checkouts/gecko/ipc/chromium/src/base/process_util_win.cc:167
1622061381711	Marionette	INFO	Stopped listening on port 52355

###!!! [Child][RunMessage] Error: Channel closing: too late to send/recv, messages will be lost

1622061409088	geckodriver	INFO	Listening on 127.0.0.1:52561
1622061412106	mozrunner::runner	INFO	Running command: "C:\\Program Files\\Mozilla Firefox\\firefox.exe" "--marionette" "-foreground" "-no-remote" "-profile" "C:\\Users\\Avral\\AppData\\Local\\Temp\\rust_mozprofilekYNaIy"
1622061412366	Marionette	INFO	Marionette enabled
console.warn: SearchSettings: "get: No settings file exists, new profile?" (new Error("", "(unknown module)"))
1622061414178	Marionette	INFO	Listening on port 52569
1622061414250	Marionette	WARN	TLS certificate errors will be ignored for this session
1622061701944	Marionette	INFO	Stopped listening on port 52569

###!!! [Child][RunMessage] Error: Channel closing: too late to send/recv, messages will be lost

"--marionette" "-foreground" "-no-remote" "-profile" "C:\\Users\\Avral\\AppData\\Local\\Temp\\rust_mozprofileQOaGa3"
1622061489523	Marionette	INFO	Marionette enabled
console.warn: SearchSettings: "get: No settings file exists, new profile?" (new Error("", "(unknown module)"))
1622061491346	Marionette	INFO	Listening on port 52761
1622061491398	Marionette	WARN	TLS certificate errors will be ignored for this session
1622061701938	Marionette	INFO	Stopped listening on port 52761

###!!! [Child][RunMessage] Error: Channel closing: too late to send/recv, messages will be lost

"--marionette" "-foreground" "-no-remote" "-profile" "C:\\Users\\Avral\\AppData\\Local\\Temp\\rust_mozprofile59S53z"
1622061572194	Marionette	INFO	Marionette enabled
console.warn: SearchSettings: "get: No settings file exists, new profile?" (new Error("", "(unknown module)"))
1622061574232	Marionette	INFO	Listening on port 53115
1622061574591	Marionette	WARN	TLS certificate errors will be ignored for this session
1622061701915	Marionette	INFO	Stopped listening on port 53115

###!!! [Child][RunMessage] Error: Channel closing: too late to send/recv, messages will be lost

"--marionette" "-foreground" "-no-remote" "-profile" "C:\\Users\\Avral\\AppData\\Local\\Temp\\rust_mozprofileIrQYFm"
1622061628524	Marionette	INFO	Marionette enabled
console.warn: SearchSettings: "get: No settings file exists, new profile?" (new Error("", "(unknown module)"))
1622061630616	Marionette	INFO	Listening on port 53469
1622061630909	Marionette	WARN	TLS certificate errors will be ignored for this session
1622061665560	Marionette	INFO	Stopped listening on port 53469

###!!! [Child][RunMessage] Error: Channel closing: too late to send/recv, messages will be lost

1622061689249	geckodriver	INFO	Listening on 127.0.0.1:53620
1622061692267	mozrunner::runner	INFO	Running command: "C:\\Program Files\\Mozilla Firefox\\firefox.exe" "--marionette" "-foreground" "-no-remote" "-profile" "C:\\Users\\Avral\\AppData\\Local\\Temp\\rust_mozprofileV5lKG6"
1622061692540	Marionette	INFO	Marionette enabled
console.warn: SearchSettings: "get: No settings file exists, new profile?" (new Error("", "(unknown module)"))
1622061694622	Marionette	INFO	Listening on port 53628
1622061694920	Marionette	WARN	TLS certificate errors will be ignored for this session
1622061701974	Marionette	INFO	Stopped listening on port 53628

###!!! [Child][RunMessage] Error: Channel closing: too late to send/recv, messages will be lost

1622061704436	geckodriver	INFO	Listening on 127.0.0.1:53756
1622061707469	mozrunner::runner	INFO	Running command: "C:\\Program Files\\Mozilla Firefox\\firefox.exe" "--marionette" "-foreground" "-no-remote" "-profile" "C:\\Users\\Avral\\AppData\\Local\\Temp\\rust_mozprofile63pOy7"
1622061707737	Marionette	INFO	Marionette enabled
console.warn: SearchSettings: "get: No settings file exists, new profile?" (new Error("", "(unknown module)"))
1622061709729	Marionette	INFO	Listening on port 53765
1622061710137	Marionette	WARN	TLS certificate errors will be ignored for this session
1622061769850	Marionette	INFO	Stopped listening on port 53761622061769974	mozrunner::runner	INFO	Running command: "C:\\Program Files\\Mozilla Firefox\\firefox.exe" "--marionette" "-foreground" "-no-remote" "-profile" "C:\\Users\\Avral\\AppData\\Local\\Temp\\rust_mozprofileZReB7q"
1622061770246	Marionette	INFO	Marionette enabled
console.warn: SearchSettings: "get: No settings file exists, new profile?" (new Error("", "(unknown module)"))
1622061772151	Marionette	INFO	Listening on port 54472

###!!! [Child][MessageChannel] Error: (msgtype=0x3A0155,name=PContent::Msg_InsertNewFocusActionId) Closed channel: cannot send/recv

illa Firefox\\firefox.exe" "--marionette" "-foreground" "-no-remote" "-profile" "C:\\Users\\Avral\\AppData\\Local\\Temp\\rust_mozprofileYHHHUz"
1622061776110	Marionette	INFO	Marionette enabled
console.warn: SearchSettings: "get: No settings file exists, new profile?" (new Error("", "(unknown module)"))
1622061778182	Marionette	INFO	Listening on port 54525
1622061778494	Marionette	WARN	TLS certificate errors will be ignored for this session
1622061827891	Marionette	INFO	Stopped listening on port 54525

###!!! [Child][RunMessage] Error: Channel closing: too late to send/recv, messages will be lost

1622086826693	geckodriver	INFO	Listening on 127.0.0.1:53676
1622086829712	mozrunner::runner	INFO	Running command: "C:\\Program Files\\Mozilla Firefox\\firefox.exe" "--marionette" "-foreground" "-no-remote" "-profile" "C:\\Users\\Avral\\AppData\\Local\\Temp\\rust_mozprofilei3GN0L"
1622086830500	Marionette	INFO	Marionette enabled
console.warn: SearchSettings: "get: No settings file exists, new profile?" (new Error("", "(unknown module)"))
1622086832810	Marionette	INFO	Listening on port 53685
1622086832896	Marionette	WARN	TLS certificate errors will be ignored for this session
1622086899721	Marionette	INFO	Stopped listening on port 53685

###!!! [Child][RunMessage] Error: Channel closing: too late to send/recv, messages will be lost

1622090872791	geckodriver	INFO	Listening on 127.0.0.1:52747
1622090875840	mozrunner::runner	INFO	Running command: "C:\\Program Files\\Mozilla Firefox\\firefox.exe" "--marionette" "-foreground" "-no-remote" "-profile" "C:\\Users\\Avral\\AppData\\Local\\Temp\\rust_mozprofileZBIsFP"
1622090876065	Marionette	INFO	Marionette enabled
console.warn: SearchSettings: "get: No settings file exists, new profile?" (new Error("", "(unknown module)"))
1622090877949	Marionette	INFO	Listening on port 52755
1622090877997	Marionette	WARN	TLS certificate errors will be ignored for this session
console.warn: "Async method failed in safeAsyncMethod" (new Error("Connection closed, pending request to server0.conn0.child4/domwalker25, type cancelPick failed\n\nRequest stack:\nrequest@resource://devtools/shared/protocol/Front.js:285:14\ngenerateRequestMethods/</frontProto[name]@resource://devtools/shared/protocol/Front/FrontClassWithSpec.js:46:19\ncancelPick@resource://devtools/client/fronts/walker.js:546:18\nexports.safeAsyncMethod/<@resource://devtools/shared/async-utils.js:57:25\n_onInspectorFrontDestroyed@resource://devtools/client/inspector/node-picker.js:113:18\nstop@resource://devtools/client/inspector/node-picker.js:176:18\n_destroyToolbox@resource://devtools/client/framework/toolbox.js:3735:24\ndestroy@resource://devtools/client/framework/toolbox.js:3669:10\n_forgetBrowserWindow@resource://devtools/client/framework/devtools-browser.js:689:17\nhandleEvent@resource://devtools/client/framework/devtools-browser.js:710:26\n", "resource://devtools/shared/protocol/Front.js", 99))
1622096996580	Marionette	INFO	Stopped listening on port 52755
g on port 53009
1622090976080	Marionette	WARN	TLS certificate errors will be ignored for this session
1622090994825	Marionette	INFO	Stopped listening on port 53009
1622096526401	geckodriver	INFO	Listening on 127.0.0.1:63382
1622096529437	mozrunner::runner	INFO	Running command: "C:\\Program Files\\Mozilla Firefox\\firefox.exe" "--marionette" "-foreground" "-no-remote" "-profile" "C:\\Users\\Avral\\AppData\\Local\\Temp\\rust_mozprofileTIDmli"
1622096529686	Marionette	INFO	Marionette enabled
console.warn: SearchSettings: "get: No settings file exists, new profile?" (new Error("", "(unknown module)"))
1622096531852	Marionette	INFO	Listening on port 63391
1622096532098	Marionette	WARN	TLS certificate errors will be ignored for this session
1622096993561	Marionette	INFO	Stopped listening on port 63391

###!!! [Child][RunMessage] Error: Channel closing: too late to send/recv, messages will be lost

"--marionette" "-foreground" "-no-remote" "-profile" "C:\\Users\\Avral\\AppData\\Local\\Temp\\rust_mozprofileTDVL2v"
1622096576568	Marionette	INFO	Marionette enabled
console.warn: SearchSettings: "get: No settings file exists, new profile?" (new Error("", "(unknown module)"))
1622096578662	Marionette	INFO	Listening on port 63567
1622096579000	Marionette	WARN	TLS certificate errors will be ignored for this session
1622096619610	geckodriver	INFO	Listening on 127.0.0.1:63827
1622096622634	mozrunner::runner	INFO	Running command: "C:\\Program Files\\Mozilla Firefox\\firefox.exe" "--marionette" "-foreground" "-no-remote" "-profile" "C:\\Users\\Avral\\AppData\\Local\\Temp\\rust_mozprofileBsYPmE"
1622096622896	Marionette	INFO	Marionette enabled
console.warn: SearchSettings: "get: No settings file exists, new profile?" (new Error("", "(unknown module)"))
1622096624912	Marionette	INFO	Listening on port 63835
1622096625298	Marionette	WARN	TLS certificate errors will be ignored for this session
1622096631749	Marionette	WARN	Ignoring event 'DOMContentLoaded' because document has an invalid readyState of 'complete'.
